 * Serving Flask app 'app'
 * Debug mode: on
WARNING: This is a development server. Do not use it in a production deployment. Use a production WSGI server instead.
 * Running on all addresses (0.0.0.0)
 * Running on http://127.0.0.1:5001
 * Running on http://192.168.0.2:5001
Press CTRL+C to quit
 * Restarting with stat
 * Debugger is active!
 * Debugger PIN: 614-201-368
/app/PiaAGI_Hub/PiaSE/utils/visualizer.py:52: UserWarning: set_ticklabels() should only be used with a fixed number of ticks, i.e. after set_ticks() or using a FixedLocator.
  self.ax.set_xticklabels(np.arange(0, self.env.width))
/app/PiaAGI_Hub/PiaSE/utils/visualizer.py:53: UserWarning: set_ticklabels() should only be used with a fixed number of ticks, i.e. after set_ticks() or using a FixedLocator.
  self.ax.set_yticklabels(np.arange(0, self.env.height))
/app/PiaAGI_Hub/PiaSE/utils/visualizer.py:52: UserWarning: set_ticklabels() should only be used with a fixed number of ticks, i.e. after set_ticks() or using a FixedLocator.
  self.ax.set_xticklabels(np.arange(0, self.env.width))
/app/PiaAGI_Hub/PiaSE/utils/visualizer.py:53: UserWarning: set_ticklabels() should only be used with a fixed number of ticks, i.e. after set_ticks() or using a FixedLocator.
  self.ax.set_yticklabels(np.arange(0, self.env.height))
/app/PiaAGI_Hub/PiaSE/utils/visualizer.py:52: UserWarning: set_ticklabels() should only be used with a fixed number of ticks, i.e. after set_ticks() or using a FixedLocator.
  self.ax.set_xticklabels(np.arange(0, self.env.width))
/app/PiaAGI_Hub/PiaSE/utils/visualizer.py:53: UserWarning: set_ticklabels() should only be used with a fixed number of ticks, i.e. after set_ticks() or using a FixedLocator.
  self.ax.set_yticklabels(np.arange(0, self.env.height))
/app/PiaAGI_Hub/PiaSE/utils/visualizer.py:52: UserWarning: set_ticklabels() should only be used with a fixed number of ticks, i.e. after set_ticks() or using a FixedLocator.
  self.ax.set_xticklabels(np.arange(0, self.env.width))
/app/PiaAGI_Hub/PiaSE/utils/visualizer.py:53: UserWarning: set_ticklabels() should only be used with a fixed number of ticks, i.e. after set_ticks() or using a FixedLocator.
  self.ax.set_yticklabels(np.arange(0, self.env.height))
/app/PiaAGI_Hub/PiaSE/utils/visualizer.py:52: UserWarning: set_ticklabels() should only be used with a fixed number of ticks, i.e. after set_ticks() or using a FixedLocator.
  self.ax.set_xticklabels(np.arange(0, self.env.width))
/app/PiaAGI_Hub/PiaSE/utils/visualizer.py:53: UserWarning: set_ticklabels() should only be used with a fixed number of ticks, i.e. after set_ticks() or using a FixedLocator.
  self.ax.set_yticklabels(np.arange(0, self.env.height))
/app/PiaAGI_Hub/PiaSE/utils/visualizer.py:52: UserWarning: set_ticklabels() should only be used with a fixed number of ticks, i.e. after set_ticks() or using a FixedLocator.
  self.ax.set_xticklabels(np.arange(0, self.env.width))
/app/PiaAGI_Hub/PiaSE/utils/visualizer.py:53: UserWarning: set_ticklabels() should only be used with a fixed number of ticks, i.e. after set_ticks() or using a FixedLocator.
  self.ax.set_yticklabels(np.arange(0, self.env.height))
/app/PiaAGI_Hub/PiaSE/utils/visualizer.py:52: UserWarning: set_ticklabels() should only be used with a fixed number of ticks, i.e. after set_ticks() or using a FixedLocator.
  self.ax.set_xticklabels(np.arange(0, self.env.width))
/app/PiaAGI_Hub/PiaSE/utils/visualizer.py:53: UserWarning: set_ticklabels() should only be used with a fixed number of ticks, i.e. after set_ticks() or using a FixedLocator.
  self.ax.set_yticklabels(np.arange(0, self.env.height))
/app/PiaAGI_Hub/PiaSE/utils/visualizer.py:52: UserWarning: set_ticklabels() should only be used with a fixed number of ticks, i.e. after set_ticks() or using a FixedLocator.
  self.ax.set_xticklabels(np.arange(0, self.env.width))
/app/PiaAGI_Hub/PiaSE/utils/visualizer.py:53: UserWarning: set_ticklabels() should only be used with a fixed number of ticks, i.e. after set_ticks() or using a FixedLocator.
  self.ax.set_yticklabels(np.arange(0, self.env.height))
/app/PiaAGI_Hub/PiaSE/utils/visualizer.py:52: UserWarning: set_ticklabels() should only be used with a fixed number of ticks, i.e. after set_ticks() or using a FixedLocator.
  self.ax.set_xticklabels(np.arange(0, self.env.width))
/app/PiaAGI_Hub/PiaSE/utils/visualizer.py:53: UserWarning: set_ticklabels() should only be used with a fixed number of ticks, i.e. after set_ticks() or using a FixedLocator.
  self.ax.set_yticklabels(np.arange(0, self.env.height))
/app/PiaAGI_Hub/PiaSE/utils/visualizer.py:52: UserWarning: set_ticklabels() should only be used with a fixed number of ticks, i.e. after set_ticks() or using a FixedLocator.
  self.ax.set_xticklabels(np.arange(0, self.env.width))
/app/PiaAGI_Hub/PiaSE/utils/visualizer.py:53: UserWarning: set_ticklabels() should only be used with a fixed number of ticks, i.e. after set_ticks() or using a FixedLocator.
  self.ax.set_yticklabels(np.arange(0, self.env.height))
/app/PiaAGI_Hub/PiaSE/utils/visualizer.py:52: UserWarning: set_ticklabels() should only be used with a fixed number of ticks, i.e. after set_ticks() or using a FixedLocator.
  self.ax.set_xticklabels(np.arange(0, self.env.width))
/app/PiaAGI_Hub/PiaSE/utils/visualizer.py:53: UserWarning: set_ticklabels() should only be used with a fixed number of ticks, i.e. after set_ticks() or using a FixedLocator.
  self.ax.set_yticklabels(np.arange(0, self.env.height))
GridWorld initialized: 5x5. Agents at: {'q_agent_1': (0, 0)}
BasicSimulationEngine initialized with environment: <PiaAGI_Hub.PiaSE.environments.grid_world.GridWorld object at 0x7f9d7cf3b790>
BasicSimulationEngine: Agent 'q_agent_1' registered.
BasicSimulationEngine: Initializing environment with kwargs: {}
GridWorld: All agent positions reset. Current positions: {'q_agent_1': (0, 0)}
BasicSimulationEngine: Environment reset.
BasicSimulationEngine: Initialized Q-table for agent 'q_agent_1' with state (0, 0) and action_space ['N', 'S', 'E', 'W', 'Stay']
BasicSimulationEngine: Agent 'q_agent_1' perceived initial state: {'agent_position': (0, 0), 'grid_view': [[0, 0, 0, 0, 0], [0, 1, 1, 0, 0], [0, 1, 0, 0, 0], [0, 0, 0, 1, 0], [0, 0, 0, 0, 0]]}
BasicSimulationEngine: All agents initialized and perceived initial state.
--- Step 1/50 ---

BasicSimulationEngine: --- Starting new simulation step ---
BasicSimulationEngine: Providing observation to agent 'q_agent_1': {'agent_position': (0, 0), 'grid_view': [[0, 0, 0, 0, 0], [0, 1, 1, 0, 0], [0, 1, 0, 0, 0], [0, 0, 0, 1, 0], [0, 0, 0, 0, 0]]}
BasicSimulationEngine: Agent 'q_agent_1' performs action: Stay
BasicSimulationEngine: Env step for agent 'q_agent_1': Action: Stay, Reward: -0.05, Done: False
BasicSimulationEngine: New observation for agent 'q_agent_1': {'agent_position': (0, 0), 'grid_view': [[0, 0, 0, 0, 0], [0, 1, 1, 0, 0], [0, 1, 0, 0, 0], [0, 0, 0, 1, 0], [0, 0, 0, 0, 0]]}
BasicSimulationEngine: --- Simulation step finished ---
--- Step 2/50 ---

BasicSimulationEngine: --- Starting new simulation step ---
BasicSimulationEngine: Providing observation to agent 'q_agent_1': {'agent_position': (0, 0), 'grid_view': [[0, 0, 0, 0, 0], [0, 1, 1, 0, 0], [0, 1, 0, 0, 0], [0, 0, 0, 1, 0], [0, 0, 0, 0, 0]]}
BasicSimulationEngine: Agent 'q_agent_1' performs action: N
BasicSimulationEngine: Env step for agent 'q_agent_1': Action: N, Reward: -1.0, Done: False
BasicSimulationEngine: New observation for agent 'q_agent_1': {'agent_position': (0, 0), 'grid_view': [[0, 0, 0, 0, 0], [0, 1, 1, 0, 0], [0, 1, 0, 0, 0], [0, 0, 0, 1, 0], [0, 0, 0, 0, 0]]}
BasicSimulationEngine: --- Simulation step finished ---
--- Step 3/50 ---

BasicSimulationEngine: --- Starting new simulation step ---
BasicSimulationEngine: Providing observation to agent 'q_agent_1': {'agent_position': (0, 0), 'grid_view': [[0, 0, 0, 0, 0], [0, 1, 1, 0, 0], [0, 1, 0, 0, 0], [0, 0, 0, 1, 0], [0, 0, 0, 0, 0]]}
BasicSimulationEngine: Agent 'q_agent_1' performs action: W
BasicSimulationEngine: Env step for agent 'q_agent_1': Action: W, Reward: -1.0, Done: False
BasicSimulationEngine: New observation for agent 'q_agent_1': {'agent_position': (0, 0), 'grid_view': [[0, 0, 0, 0, 0], [0, 1, 1, 0, 0], [0, 1, 0, 0, 0], [0, 0, 0, 1, 0], [0, 0, 0, 0, 0]]}
BasicSimulationEngine: --- Simulation step finished ---
--- Step 4/50 ---

BasicSimulationEngine: --- Starting new simulation step ---
BasicSimulationEngine: Providing observation to agent 'q_agent_1': {'agent_position': (0, 0), 'grid_view': [[0, 0, 0, 0, 0], [0, 1, 1, 0, 0], [0, 1, 0, 0, 0], [0, 0, 0, 1, 0], [0, 0, 0, 0, 0]]}
BasicSimulationEngine: Agent 'q_agent_1' performs action: E
BasicSimulationEngine: Env step for agent 'q_agent_1': Action: E, Reward: -0.1, Done: False
BasicSimulationEngine: New observation for agent 'q_agent_1': {'agent_position': (1, 0), 'grid_view': [[0, 0, 0, 0, 0], [0, 1, 1, 0, 0], [0, 1, 0, 0, 0], [0, 0, 0, 1, 0], [0, 0, 0, 0, 0]]}
BasicSimulationEngine: --- Simulation step finished ---
--- Step 5/50 ---

BasicSimulationEngine: --- Starting new simulation step ---
BasicSimulationEngine: Providing observation to agent 'q_agent_1': {'agent_position': (1, 0), 'grid_view': [[0, 0, 0, 0, 0], [0, 1, 1, 0, 0], [0, 1, 0, 0, 0], [0, 0, 0, 1, 0], [0, 0, 0, 0, 0]]}
BasicSimulationEngine: Agent 'q_agent_1' performs action: N
BasicSimulationEngine: Env step for agent 'q_agent_1': Action: N, Reward: -1.0, Done: False
BasicSimulationEngine: New observation for agent 'q_agent_1': {'agent_position': (1, 0), 'grid_view': [[0, 0, 0, 0, 0], [0, 1, 1, 0, 0], [0, 1, 0, 0, 0], [0, 0, 0, 1, 0], [0, 0, 0, 0, 0]]}
BasicSimulationEngine: --- Simulation step finished ---
--- Step 6/50 ---

BasicSimulationEngine: --- Starting new simulation step ---
BasicSimulationEngine: Providing observation to agent 'q_agent_1': {'agent_position': (1, 0), 'grid_view': [[0, 0, 0, 0, 0], [0, 1, 1, 0, 0], [0, 1, 0, 0, 0], [0, 0, 0, 1, 0], [0, 0, 0, 0, 0]]}
BasicSimulationEngine: Agent 'q_agent_1' performs action: W
BasicSimulationEngine: Env step for agent 'q_agent_1': Action: W, Reward: -0.1, Done: False
BasicSimulationEngine: New observation for agent 'q_agent_1': {'agent_position': (0, 0), 'grid_view': [[0, 0, 0, 0, 0], [0, 1, 1, 0, 0], [0, 1, 0, 0, 0], [0, 0, 0, 1, 0], [0, 0, 0, 0, 0]]}
BasicSimulationEngine: --- Simulation step finished ---
--- Step 7/50 ---

BasicSimulationEngine: --- Starting new simulation step ---
BasicSimulationEngine: Providing observation to agent 'q_agent_1': {'agent_position': (0, 0), 'grid_view': [[0, 0, 0, 0, 0], [0, 1, 1, 0, 0], [0, 1, 0, 0, 0], [0, 0, 0, 1, 0], [0, 0, 0, 0, 0]]}
BasicSimulationEngine: Agent 'q_agent_1' performs action: S
BasicSimulationEngine: Env step for agent 'q_agent_1': Action: S, Reward: -0.1, Done: False
BasicSimulationEngine: New observation for agent 'q_agent_1': {'agent_position': (0, 1), 'grid_view': [[0, 0, 0, 0, 0], [0, 1, 1, 0, 0], [0, 1, 0, 0, 0], [0, 0, 0, 1, 0], [0, 0, 0, 0, 0]]}
BasicSimulationEngine: --- Simulation step finished ---
--- Step 8/50 ---

BasicSimulationEngine: --- Starting new simulation step ---
BasicSimulationEngine: Providing observation to agent 'q_agent_1': {'agent_position': (0, 1), 'grid_view': [[0, 0, 0, 0, 0], [0, 1, 1, 0, 0], [0, 1, 0, 0, 0], [0, 0, 0, 1, 0], [0, 0, 0, 0, 0]]}
BasicSimulationEngine: Agent 'q_agent_1' performs action: Stay
BasicSimulationEngine: Env step for agent 'q_agent_1': Action: Stay, Reward: -0.05, Done: False
BasicSimulationEngine: New observation for agent 'q_agent_1': {'agent_position': (0, 1), 'grid_view': [[0, 0, 0, 0, 0], [0, 1, 1, 0, 0], [0, 1, 0, 0, 0], [0, 0, 0, 1, 0], [0, 0, 0, 0, 0]]}
BasicSimulationEngine: --- Simulation step finished ---
--- Step 9/50 ---

BasicSimulationEngine: --- Starting new simulation step ---
BasicSimulationEngine: Providing observation to agent 'q_agent_1': {'agent_position': (0, 1), 'grid_view': [[0, 0, 0, 0, 0], [0, 1, 1, 0, 0], [0, 1, 0, 0, 0], [0, 0, 0, 1, 0], [0, 0, 0, 0, 0]]}
BasicSimulationEngine: Agent 'q_agent_1' performs action: E
BasicSimulationEngine: Env step for agent 'q_agent_1': Action: E, Reward: -1.0, Done: False
BasicSimulationEngine: New observation for agent 'q_agent_1': {'agent_position': (0, 1), 'grid_view': [[0, 0, 0, 0, 0], [0, 1, 1, 0, 0], [0, 1, 0, 0, 0], [0, 0, 0, 1, 0], [0, 0, 0, 0, 0]]}
BasicSimulationEngine: --- Simulation step finished ---
--- Step 10/50 ---

BasicSimulationEngine: --- Starting new simulation step ---
BasicSimulationEngine: Providing observation to agent 'q_agent_1': {'agent_position': (0, 1), 'grid_view': [[0, 0, 0, 0, 0], [0, 1, 1, 0, 0], [0, 1, 0, 0, 0], [0, 0, 0, 1, 0], [0, 0, 0, 0, 0]]}
BasicSimulationEngine: Agent 'q_agent_1' performs action: Stay
BasicSimulationEngine: Env step for agent 'q_agent_1': Action: Stay, Reward: -0.05, Done: False
BasicSimulationEngine: New observation for agent 'q_agent_1': {'agent_position': (0, 1), 'grid_view': [[0, 0, 0, 0, 0], [0, 1, 1, 0, 0], [0, 1, 0, 0, 0], [0, 0, 0, 1, 0], [0, 0, 0, 0, 0]]}
BasicSimulationEngine: --- Simulation step finished ---
--- Step 11/50 ---

BasicSimulationEngine: --- Starting new simulation step ---
BasicSimulationEngine: Providing observation to agent 'q_agent_1': {'agent_position': (0, 1), 'grid_view': [[0, 0, 0, 0, 0], [0, 1, 1, 0, 0], [0, 1, 0, 0, 0], [0, 0, 0, 1, 0], [0, 0, 0, 0, 0]]}
BasicSimulationEngine: Agent 'q_agent_1' performs action: N
BasicSimulationEngine: Env step for agent 'q_agent_1': Action: N, Reward: -0.1, Done: False
BasicSimulationEngine: New observation for agent 'q_agent_1': {'agent_position': (0, 0), 'grid_view': [[0, 0, 0, 0, 0], [0, 1, 1, 0, 0], [0, 1, 0, 0, 0], [0, 0, 0, 1, 0], [0, 0, 0, 0, 0]]}
/app/PiaAGI_Hub/PiaSE/utils/visualizer.py:52: UserWarning: set_ticklabels() should only be used with a fixed number of ticks, i.e. after set_ticks() or using a FixedLocator.
  self.ax.set_xticklabels(np.arange(0, self.env.width))
/app/PiaAGI_Hub/PiaSE/utils/visualizer.py:53: UserWarning: set_ticklabels() should only be used with a fixed number of ticks, i.e. after set_ticks() or using a FixedLocator.
  self.ax.set_yticklabels(np.arange(0, self.env.height))
/app/PiaAGI_Hub/PiaSE/utils/visualizer.py:52: UserWarning: set_ticklabels() should only be used with a fixed number of ticks, i.e. after set_ticks() or using a FixedLocator.
  self.ax.set_xticklabels(np.arange(0, self.env.width))
/app/PiaAGI_Hub/PiaSE/utils/visualizer.py:53: UserWarning: set_ticklabels() should only be used with a fixed number of ticks, i.e. after set_ticks() or using a FixedLocator.
  self.ax.set_yticklabels(np.arange(0, self.env.height))
/app/PiaAGI_Hub/PiaSE/utils/visualizer.py:52: UserWarning: set_ticklabels() should only be used with a fixed number of ticks, i.e. after set_ticks() or using a FixedLocator.
  self.ax.set_xticklabels(np.arange(0, self.env.width))
/app/PiaAGI_Hub/PiaSE/utils/visualizer.py:53: UserWarning: set_ticklabels() should only be used with a fixed number of ticks, i.e. after set_ticks() or using a FixedLocator.
  self.ax.set_yticklabels(np.arange(0, self.env.height))
/app/PiaAGI_Hub/PiaSE/utils/visualizer.py:52: UserWarning: set_ticklabels() should only be used with a fixed number of ticks, i.e. after set_ticks() or using a FixedLocator.
  self.ax.set_xticklabels(np.arange(0, self.env.width))
/app/PiaAGI_Hub/PiaSE/utils/visualizer.py:53: UserWarning: set_ticklabels() should only be used with a fixed number of ticks, i.e. after set_ticks() or using a FixedLocator.
  self.ax.set_yticklabels(np.arange(0, self.env.height))
/app/PiaAGI_Hub/PiaSE/utils/visualizer.py:52: UserWarning: set_ticklabels() should only be used with a fixed number of ticks, i.e. after set_ticks() or using a FixedLocator.
  self.ax.set_xticklabels(np.arange(0, self.env.width))
/app/PiaAGI_Hub/PiaSE/utils/visualizer.py:53: UserWarning: set_ticklabels() should only be used with a fixed number of ticks, i.e. after set_ticks() or using a FixedLocator.
  self.ax.set_yticklabels(np.arange(0, self.env.height))
/app/PiaAGI_Hub/PiaSE/utils/visualizer.py:52: UserWarning: set_ticklabels() should only be used with a fixed number of ticks, i.e. after set_ticks() or using a FixedLocator.
  self.ax.set_xticklabels(np.arange(0, self.env.width))
/app/PiaAGI_Hub/PiaSE/utils/visualizer.py:53: UserWarning: set_ticklabels() should only be used with a fixed number of ticks, i.e. after set_ticks() or using a FixedLocator.
  self.ax.set_yticklabels(np.arange(0, self.env.height))
/app/PiaAGI_Hub/PiaSE/utils/visualizer.py:52: UserWarning: set_ticklabels() should only be used with a fixed number of ticks, i.e. after set_ticks() or using a FixedLocator.
  self.ax.set_xticklabels(np.arange(0, self.env.width))
/app/PiaAGI_Hub/PiaSE/utils/visualizer.py:53: UserWarning: set_ticklabels() should only be used with a fixed number of ticks, i.e. after set_ticks() or using a FixedLocator.
  self.ax.set_yticklabels(np.arange(0, self.env.height))
/app/PiaAGI_Hub/PiaSE/utils/visualizer.py:52: UserWarning: set_ticklabels() should only be used with a fixed number of ticks, i.e. after set_ticks() or using a FixedLocator.
  self.ax.set_xticklabels(np.arange(0, self.env.width))
/app/PiaAGI_Hub/PiaSE/utils/visualizer.py:53: UserWarning: set_ticklabels() should only be used with a fixed number of ticks, i.e. after set_ticks() or using a FixedLocator.
  self.ax.set_yticklabels(np.arange(0, self.env.height))
/app/PiaAGI_Hub/PiaSE/utils/visualizer.py:52: UserWarning: set_ticklabels() should only be used with a fixed number of ticks, i.e. after set_ticks() or using a FixedLocator.
  self.ax.set_xticklabels(np.arange(0, self.env.width))
/app/PiaAGI_Hub/PiaSE/utils/visualizer.py:53: UserWarning: set_ticklabels() should only be used with a fixed number of ticks, i.e. after set_ticks() or using a FixedLocator.
  self.ax.set_yticklabels(np.arange(0, self.env.height))
/app/PiaAGI_Hub/PiaSE/utils/visualizer.py:52: UserWarning: set_ticklabels() should only be used with a fixed number of ticks, i.e. after set_ticks() or using a FixedLocator.
  self.ax.set_xticklabels(np.arange(0, self.env.width))
/app/PiaAGI_Hub/PiaSE/utils/visualizer.py:53: UserWarning: set_ticklabels() should only be used with a fixed number of ticks, i.e. after set_ticks() or using a FixedLocator.
  self.ax.set_yticklabels(np.arange(0, self.env.height))
/app/PiaAGI_Hub/PiaSE/utils/visualizer.py:52: UserWarning: set_ticklabels() should only be used with a fixed number of ticks, i.e. after set_ticks() or using a FixedLocator.
  self.ax.set_xticklabels(np.arange(0, self.env.width))
/app/PiaAGI_Hub/PiaSE/utils/visualizer.py:53: UserWarning: set_ticklabels() should only be used with a fixed number of ticks, i.e. after set_ticks() or using a FixedLocator.
  self.ax.set_yticklabels(np.arange(0, self.env.height))
/app/PiaAGI_Hub/PiaSE/utils/visualizer.py:52: UserWarning: set_ticklabels() should only be used with a fixed number of ticks, i.e. after set_ticks() or using a FixedLocator.
  self.ax.set_xticklabels(np.arange(0, self.env.width))
/app/PiaAGI_Hub/PiaSE/utils/visualizer.py:53: UserWarning: set_ticklabels() should only be used with a fixed number of ticks, i.e. after set_ticks() or using a FixedLocator.
  self.ax.set_yticklabels(np.arange(0, self.env.height))
/app/PiaAGI_Hub/PiaSE/utils/visualizer.py:52: UserWarning: set_ticklabels() should only be used with a fixed number of ticks, i.e. after set_ticks() or using a FixedLocator.
  self.ax.set_xticklabels(np.arange(0, self.env.width))
/app/PiaAGI_Hub/PiaSE/utils/visualizer.py:53: UserWarning: set_ticklabels() should only be used with a fixed number of ticks, i.e. after set_ticks() or using a FixedLocator.
  self.ax.set_yticklabels(np.arange(0, self.env.height))
BasicSimulationEngine: --- Simulation step finished ---
--- Step 12/50 ---

BasicSimulationEngine: --- Starting new simulation step ---
BasicSimulationEngine: Providing observation to agent 'q_agent_1': {'agent_position': (0, 0), 'grid_view': [[0, 0, 0, 0, 0], [0, 1, 1, 0, 0], [0, 1, 0, 0, 0], [0, 0, 0, 1, 0], [0, 0, 0, 0, 0]]}
BasicSimulationEngine: Agent 'q_agent_1' performs action: Stay
BasicSimulationEngine: Env step for agent 'q_agent_1': Action: Stay, Reward: -0.05, Done: False
BasicSimulationEngine: New observation for agent 'q_agent_1': {'agent_position': (0, 0), 'grid_view': [[0, 0, 0, 0, 0], [0, 1, 1, 0, 0], [0, 1, 0, 0, 0], [0, 0, 0, 1, 0], [0, 0, 0, 0, 0]]}
BasicSimulationEngine: --- Simulation step finished ---
--- Step 13/50 ---

BasicSimulationEngine: --- Starting new simulation step ---
BasicSimulationEngine: Providing observation to agent 'q_agent_1': {'agent_position': (0, 0), 'grid_view': [[0, 0, 0, 0, 0], [0, 1, 1, 0, 0], [0, 1, 0, 0, 0], [0, 0, 0, 1, 0], [0, 0, 0, 0, 0]]}
BasicSimulationEngine: Agent 'q_agent_1' performs action: Stay
BasicSimulationEngine: Env step for agent 'q_agent_1': Action: Stay, Reward: -0.05, Done: False
BasicSimulationEngine: New observation for agent 'q_agent_1': {'agent_position': (0, 0), 'grid_view': [[0, 0, 0, 0, 0], [0, 1, 1, 0, 0], [0, 1, 0, 0, 0], [0, 0, 0, 1, 0], [0, 0, 0, 0, 0]]}
BasicSimulationEngine: --- Simulation step finished ---
--- Step 14/50 ---

BasicSimulationEngine: --- Starting new simulation step ---
BasicSimulationEngine: Providing observation to agent 'q_agent_1': {'agent_position': (0, 0), 'grid_view': [[0, 0, 0, 0, 0], [0, 1, 1, 0, 0], [0, 1, 0, 0, 0], [0, 0, 0, 1, 0], [0, 0, 0, 0, 0]]}
BasicSimulationEngine: Agent 'q_agent_1' performs action: S
BasicSimulationEngine: Env step for agent 'q_agent_1': Action: S, Reward: -0.1, Done: False
BasicSimulationEngine: New observation for agent 'q_agent_1': {'agent_position': (0, 1), 'grid_view': [[0, 0, 0, 0, 0], [0, 1, 1, 0, 0], [0, 1, 0, 0, 0], [0, 0, 0, 1, 0], [0, 0, 0, 0, 0]]}
BasicSimulationEngine: --- Simulation step finished ---
--- Step 15/50 ---

BasicSimulationEngine: --- Starting new simulation step ---
BasicSimulationEngine: Providing observation to agent 'q_agent_1': {'agent_position': (0, 1), 'grid_view': [[0, 0, 0, 0, 0], [0, 1, 1, 0, 0], [0, 1, 0, 0, 0], [0, 0, 0, 1, 0], [0, 0, 0, 0, 0]]}
BasicSimulationEngine: Agent 'q_agent_1' performs action: S
BasicSimulationEngine: Env step for agent 'q_agent_1': Action: S, Reward: -0.1, Done: False
BasicSimulationEngine: New observation for agent 'q_agent_1': {'agent_position': (0, 2), 'grid_view': [[0, 0, 0, 0, 0], [0, 1, 1, 0, 0], [0, 1, 0, 0, 0], [0, 0, 0, 1, 0], [0, 0, 0, 0, 0]]}
BasicSimulationEngine: --- Simulation step finished ---
--- Step 16/50 ---

BasicSimulationEngine: --- Starting new simulation step ---
BasicSimulationEngine: Providing observation to agent 'q_agent_1': {'agent_position': (0, 2), 'grid_view': [[0, 0, 0, 0, 0], [0, 1, 1, 0, 0], [0, 1, 0, 0, 0], [0, 0, 0, 1, 0], [0, 0, 0, 0, 0]]}
BasicSimulationEngine: Agent 'q_agent_1' performs action: S
BasicSimulationEngine: Env step for agent 'q_agent_1': Action: S, Reward: -0.1, Done: False
BasicSimulationEngine: New observation for agent 'q_agent_1': {'agent_position': (0, 3), 'grid_view': [[0, 0, 0, 0, 0], [0, 1, 1, 0, 0], [0, 1, 0, 0, 0], [0, 0, 0, 1, 0], [0, 0, 0, 0, 0]]}
BasicSimulationEngine: --- Simulation step finished ---
--- Step 17/50 ---

BasicSimulationEngine: --- Starting new simulation step ---
BasicSimulationEngine: Providing observation to agent 'q_agent_1': {'agent_position': (0, 3), 'grid_view': [[0, 0, 0, 0, 0], [0, 1, 1, 0, 0], [0, 1, 0, 0, 0], [0, 0, 0, 1, 0], [0, 0, 0, 0, 0]]}
BasicSimulationEngine: Agent 'q_agent_1' performs action: E
BasicSimulationEngine: Env step for agent 'q_agent_1': Action: E, Reward: -0.1, Done: False
BasicSimulationEngine: New observation for agent 'q_agent_1': {'agent_position': (1, 3), 'grid_view': [[0, 0, 0, 0, 0], [0, 1, 1, 0, 0], [0, 1, 0, 0, 0], [0, 0, 0, 1, 0], [0, 0, 0, 0, 0]]}
BasicSimulationEngine: --- Simulation step finished ---
--- Step 18/50 ---

BasicSimulationEngine: --- Starting new simulation step ---
BasicSimulationEngine: Providing observation to agent 'q_agent_1': {'agent_position': (1, 3), 'grid_view': [[0, 0, 0, 0, 0], [0, 1, 1, 0, 0], [0, 1, 0, 0, 0], [0, 0, 0, 1, 0], [0, 0, 0, 0, 0]]}
BasicSimulationEngine: Agent 'q_agent_1' performs action: N
BasicSimulationEngine: Env step for agent 'q_agent_1': Action: N, Reward: -1.0, Done: False
BasicSimulationEngine: New observation for agent 'q_agent_1': {'agent_position': (1, 3), 'grid_view': [[0, 0, 0, 0, 0], [0, 1, 1, 0, 0], [0, 1, 0, 0, 0], [0, 0, 0, 1, 0], [0, 0, 0, 0, 0]]}
BasicSimulationEngine: --- Simulation step finished ---
--- Step 19/50 ---

BasicSimulationEngine: --- Starting new simulation step ---
BasicSimulationEngine: Providing observation to agent 'q_agent_1': {'agent_position': (1, 3), 'grid_view': [[0, 0, 0, 0, 0], [0, 1, 1, 0, 0], [0, 1, 0, 0, 0], [0, 0, 0, 1, 0], [0, 0, 0, 0, 0]]}
BasicSimulationEngine: Agent 'q_agent_1' performs action: Stay
BasicSimulationEngine: Env step for agent 'q_agent_1': Action: Stay, Reward: -0.05, Done: False
BasicSimulationEngine: New observation for agent 'q_agent_1': {'agent_position': (1, 3), 'grid_view': [[0, 0, 0, 0, 0], [0, 1, 1, 0, 0], [0, 1, 0, 0, 0], [0, 0, 0, 1, 0], [0, 0, 0, 0, 0]]}
BasicSimulationEngine: --- Simulation step finished ---
--- Step 20/50 ---

BasicSimulationEngine: --- Starting new simulation step ---
BasicSimulationEngine: Providing observation to agent 'q_agent_1': {'agent_position': (1, 3), 'grid_view': [[0, 0, 0, 0, 0], [0, 1, 1, 0, 0], [0, 1, 0, 0, 0], [0, 0, 0, 1, 0], [0, 0, 0, 0, 0]]}
BasicSimulationEngine: Agent 'q_agent_1' performs action: W
BasicSimulationEngine: Env step for agent 'q_agent_1': Action: W, Reward: -0.1, Done: False
BasicSimulationEngine: New observation for agent 'q_agent_1': {'agent_position': (0, 3), 'grid_view': [[0, 0, 0, 0, 0], [0, 1, 1, 0, 0], [0, 1, 0, 0, 0], [0, 0, 0, 1, 0], [0, 0, 0, 0, 0]]}
BasicSimulationEngine: --- Simulation step finished ---
--- Step 21/50 ---

BasicSimulationEngine: --- Starting new simulation step ---
BasicSimulationEngine: Providing observation to agent 'q_agent_1': {'agent_position': (0, 3), 'grid_view': [[0, 0, 0, 0, 0], [0, 1, 1, 0, 0], [0, 1, 0, 0, 0], [0, 0, 0, 1, 0], [0, 0, 0, 0, 0]]}
BasicSimulationEngine: Agent 'q_agent_1' performs action: S
BasicSimulationEngine: Env step for agent 'q_agent_1': Action: S, Reward: -0.1, Done: False
BasicSimulationEngine: New observation for agent 'q_agent_1': {'agent_position': (0, 4), 'grid_view': [[0, 0, 0, 0, 0], [0, 1, 1, 0, 0], [0, 1, 0, 0, 0], [0, 0, 0, 1, 0], [0, 0, 0, 0, 0]]}
BasicSimulationEngine: --- Simulation step finished ---
--- Step 22/50 ---

BasicSimulationEngine: --- Starting new simulation step ---
BasicSimulationEngine: Providing observation to agent 'q_agent_1': {'agent_position': (0, 4), 'grid_view': [[0, 0, 0, 0, 0], [0, 1, 1, 0, 0], [0, 1, 0, 0, 0], [0, 0, 0, 1, 0], [0, 0, 0, 0, 0]]}
BasicSimulationEngine: Agent 'q_agent_1' performs action: S
BasicSimulationEngine: Env step for agent 'q_agent_1': Action: S, Reward: -1.0, Done: False
BasicSimulationEngine: New observation for agent 'q_agent_1': {'agent_position': (0, 4), 'grid_view': [[0, 0, 0, 0, 0], [0, 1, 1, 0, 0], [0, 1, 0, 0, 0], [0, 0, 0, 1, 0], [0, 0, 0, 0, 0]]}
BasicSimulationEngine: --- Simulation step finished ---
--- Step 23/50 ---

BasicSimulationEngine: --- Starting new simulation step ---
BasicSimulationEngine: Providing observation to agent 'q_agent_1': {'agent_position': (0, 4), 'grid_view': [[0, 0, 0, 0, 0], [0, 1, 1, 0, 0], [0, 1, 0, 0, 0], [0, 0, 0, 1, 0], [0, 0, 0, 0, 0]]}
BasicSimulationEngine: Agent 'q_agent_1' performs action: Stay
BasicSimulationEngine: Env step for agent 'q_agent_1': Action: Stay, Reward: -0.05, Done: False
BasicSimulationEngine: New observation for agent 'q_agent_1': {'agent_position': (0, 4), 'grid_view': [[0, 0, 0, 0, 0], [0, 1, 1, 0, 0], [0, 1, 0, 0, 0], [0, 0, 0, 1, 0], [0, 0, 0, 0, 0]]}
BasicSimulationEngine: --- Simulation step finished ---
--- Step 24/50 ---
/app/PiaAGI_Hub/PiaSE/utils/visualizer.py:52: UserWarning: set_ticklabels() should only be used with a fixed number of ticks, i.e. after set_ticks() or using a FixedLocator.
  self.ax.set_xticklabels(np.arange(0, self.env.width))
/app/PiaAGI_Hub/PiaSE/utils/visualizer.py:53: UserWarning: set_ticklabels() should only be used with a fixed number of ticks, i.e. after set_ticks() or using a FixedLocator.
  self.ax.set_yticklabels(np.arange(0, self.env.height))
/app/PiaAGI_Hub/PiaSE/utils/visualizer.py:52: UserWarning: set_ticklabels() should only be used with a fixed number of ticks, i.e. after set_ticks() or using a FixedLocator.
  self.ax.set_xticklabels(np.arange(0, self.env.width))
/app/PiaAGI_Hub/PiaSE/utils/visualizer.py:53: UserWarning: set_ticklabels() should only be used with a fixed number of ticks, i.e. after set_ticks() or using a FixedLocator.
  self.ax.set_yticklabels(np.arange(0, self.env.height))
/app/PiaAGI_Hub/PiaSE/utils/visualizer.py:52: UserWarning: set_ticklabels() should only be used with a fixed number of ticks, i.e. after set_ticks() or using a FixedLocator.
  self.ax.set_xticklabels(np.arange(0, self.env.width))
/app/PiaAGI_Hub/PiaSE/utils/visualizer.py:53: UserWarning: set_ticklabels() should only be used with a fixed number of ticks, i.e. after set_ticks() or using a FixedLocator.
  self.ax.set_yticklabels(np.arange(0, self.env.height))
/app/PiaAGI_Hub/PiaSE/utils/visualizer.py:52: UserWarning: set_ticklabels() should only be used with a fixed number of ticks, i.e. after set_ticks() or using a FixedLocator.
  self.ax.set_xticklabels(np.arange(0, self.env.width))
/app/PiaAGI_Hub/PiaSE/utils/visualizer.py:53: UserWarning: set_ticklabels() should only be used with a fixed number of ticks, i.e. after set_ticks() or using a FixedLocator.
  self.ax.set_yticklabels(np.arange(0, self.env.height))
/app/PiaAGI_Hub/PiaSE/utils/visualizer.py:52: UserWarning: set_ticklabels() should only be used with a fixed number of ticks, i.e. after set_ticks() or using a FixedLocator.
  self.ax.set_xticklabels(np.arange(0, self.env.width))
/app/PiaAGI_Hub/PiaSE/utils/visualizer.py:53: UserWarning: set_ticklabels() should only be used with a fixed number of ticks, i.e. after set_ticks() or using a FixedLocator.
  self.ax.set_yticklabels(np.arange(0, self.env.height))
/app/PiaAGI_Hub/PiaSE/utils/visualizer.py:52: UserWarning: set_ticklabels() should only be used with a fixed number of ticks, i.e. after set_ticks() or using a FixedLocator.
  self.ax.set_xticklabels(np.arange(0, self.env.width))
/app/PiaAGI_Hub/PiaSE/utils/visualizer.py:53: UserWarning: set_ticklabels() should only be used with a fixed number of ticks, i.e. after set_ticks() or using a FixedLocator.
  self.ax.set_yticklabels(np.arange(0, self.env.height))
/app/PiaAGI_Hub/PiaSE/utils/visualizer.py:52: UserWarning: set_ticklabels() should only be used with a fixed number of ticks, i.e. after set_ticks() or using a FixedLocator.
  self.ax.set_xticklabels(np.arange(0, self.env.width))
/app/PiaAGI_Hub/PiaSE/utils/visualizer.py:53: UserWarning: set_ticklabels() should only be used with a fixed number of ticks, i.e. after set_ticks() or using a FixedLocator.
  self.ax.set_yticklabels(np.arange(0, self.env.height))
/app/PiaAGI_Hub/PiaSE/utils/visualizer.py:52: UserWarning: set_ticklabels() should only be used with a fixed number of ticks, i.e. after set_ticks() or using a FixedLocator.
  self.ax.set_xticklabels(np.arange(0, self.env.width))
/app/PiaAGI_Hub/PiaSE/utils/visualizer.py:53: UserWarning: set_ticklabels() should only be used with a fixed number of ticks, i.e. after set_ticks() or using a FixedLocator.
  self.ax.set_yticklabels(np.arange(0, self.env.height))
/app/PiaAGI_Hub/PiaSE/utils/visualizer.py:52: UserWarning: set_ticklabels() should only be used with a fixed number of ticks, i.e. after set_ticks() or using a FixedLocator.
  self.ax.set_xticklabels(np.arange(0, self.env.width))
/app/PiaAGI_Hub/PiaSE/utils/visualizer.py:53: UserWarning: set_ticklabels() should only be used with a fixed number of ticks, i.e. after set_ticks() or using a FixedLocator.
  self.ax.set_yticklabels(np.arange(0, self.env.height))
/app/PiaAGI_Hub/PiaSE/utils/visualizer.py:52: UserWarning: set_ticklabels() should only be used with a fixed number of ticks, i.e. after set_ticks() or using a FixedLocator.
  self.ax.set_xticklabels(np.arange(0, self.env.width))
/app/PiaAGI_Hub/PiaSE/utils/visualizer.py:53: UserWarning: set_ticklabels() should only be used with a fixed number of ticks, i.e. after set_ticks() or using a FixedLocator.
  self.ax.set_yticklabels(np.arange(0, self.env.height))
/app/PiaAGI_Hub/PiaSE/utils/visualizer.py:52: UserWarning: set_ticklabels() should only be used with a fixed number of ticks, i.e. after set_ticks() or using a FixedLocator.
  self.ax.set_xticklabels(np.arange(0, self.env.width))
/app/PiaAGI_Hub/PiaSE/utils/visualizer.py:53: UserWarning: set_ticklabels() should only be used with a fixed number of ticks, i.e. after set_ticks() or using a FixedLocator.
  self.ax.set_yticklabels(np.arange(0, self.env.height))
/app/PiaAGI_Hub/PiaSE/utils/visualizer.py:52: UserWarning: set_ticklabels() should only be used with a fixed number of ticks, i.e. after set_ticks() or using a FixedLocator.
  self.ax.set_xticklabels(np.arange(0, self.env.width))
/app/PiaAGI_Hub/PiaSE/utils/visualizer.py:53: UserWarning: set_ticklabels() should only be used with a fixed number of ticks, i.e. after set_ticks() or using a FixedLocator.
  self.ax.set_yticklabels(np.arange(0, self.env.height))

BasicSimulationEngine: --- Starting new simulation step ---
BasicSimulationEngine: Providing observation to agent 'q_agent_1': {'agent_position': (0, 4), 'grid_view': [[0, 0, 0, 0, 0], [0, 1, 1, 0, 0], [0, 1, 0, 0, 0], [0, 0, 0, 1, 0], [0, 0, 0, 0, 0]]}
BasicSimulationEngine: Agent 'q_agent_1' performs action: E
BasicSimulationEngine: Env step for agent 'q_agent_1': Action: E, Reward: -0.1, Done: False
BasicSimulationEngine: New observation for agent 'q_agent_1': {'agent_position': (1, 4), 'grid_view': [[0, 0, 0, 0, 0], [0, 1, 1, 0, 0], [0, 1, 0, 0, 0], [0, 0, 0, 1, 0], [0, 0, 0, 0, 0]]}
BasicSimulationEngine: --- Simulation step finished ---
--- Step 25/50 ---

BasicSimulationEngine: --- Starting new simulation step ---
BasicSimulationEngine: Providing observation to agent 'q_agent_1': {'agent_position': (1, 4), 'grid_view': [[0, 0, 0, 0, 0], [0, 1, 1, 0, 0], [0, 1, 0, 0, 0], [0, 0, 0, 1, 0], [0, 0, 0, 0, 0]]}
BasicSimulationEngine: Agent 'q_agent_1' performs action: W
BasicSimulationEngine: Env step for agent 'q_agent_1': Action: W, Reward: -0.1, Done: False
BasicSimulationEngine: New observation for agent 'q_agent_1': {'agent_position': (0, 4), 'grid_view': [[0, 0, 0, 0, 0], [0, 1, 1, 0, 0], [0, 1, 0, 0, 0], [0, 0, 0, 1, 0], [0, 0, 0, 0, 0]]}
BasicSimulationEngine: --- Simulation step finished ---
--- Step 26/50 ---

BasicSimulationEngine: --- Starting new simulation step ---
BasicSimulationEngine: Providing observation to agent 'q_agent_1': {'agent_position': (0, 4), 'grid_view': [[0, 0, 0, 0, 0], [0, 1, 1, 0, 0], [0, 1, 0, 0, 0], [0, 0, 0, 1, 0], [0, 0, 0, 0, 0]]}
BasicSimulationEngine: Agent 'q_agent_1' performs action: N
BasicSimulationEngine: Env step for agent 'q_agent_1': Action: N, Reward: -0.1, Done: False
BasicSimulationEngine: New observation for agent 'q_agent_1': {'agent_position': (0, 3), 'grid_view': [[0, 0, 0, 0, 0], [0, 1, 1, 0, 0], [0, 1, 0, 0, 0], [0, 0, 0, 1, 0], [0, 0, 0, 0, 0]]}
BasicSimulationEngine: --- Simulation step finished ---
--- Step 27/50 ---

BasicSimulationEngine: --- Starting new simulation step ---
BasicSimulationEngine: Providing observation to agent 'q_agent_1': {'agent_position': (0, 3), 'grid_view': [[0, 0, 0, 0, 0], [0, 1, 1, 0, 0], [0, 1, 0, 0, 0], [0, 0, 0, 1, 0], [0, 0, 0, 0, 0]]}
BasicSimulationEngine: Agent 'q_agent_1' performs action: W
BasicSimulationEngine: Env step for agent 'q_agent_1': Action: W, Reward: -1.0, Done: False
BasicSimulationEngine: New observation for agent 'q_agent_1': {'agent_position': (0, 3), 'grid_view': [[0, 0, 0, 0, 0], [0, 1, 1, 0, 0], [0, 1, 0, 0, 0], [0, 0, 0, 1, 0], [0, 0, 0, 0, 0]]}
BasicSimulationEngine: --- Simulation step finished ---
--- Step 28/50 ---

BasicSimulationEngine: --- Starting new simulation step ---
BasicSimulationEngine: Providing observation to agent 'q_agent_1': {'agent_position': (0, 3), 'grid_view': [[0, 0, 0, 0, 0], [0, 1, 1, 0, 0], [0, 1, 0, 0, 0], [0, 0, 0, 1, 0], [0, 0, 0, 0, 0]]}
BasicSimulationEngine: Agent 'q_agent_1' performs action: Stay
BasicSimulationEngine: Env step for agent 'q_agent_1': Action: Stay, Reward: -0.05, Done: False
BasicSimulationEngine: New observation for agent 'q_agent_1': {'agent_position': (0, 3), 'grid_view': [[0, 0, 0, 0, 0], [0, 1, 1, 0, 0], [0, 1, 0, 0, 0], [0, 0, 0, 1, 0], [0, 0, 0, 0, 0]]}
BasicSimulationEngine: --- Simulation step finished ---
--- Step 29/50 ---

BasicSimulationEngine: --- Starting new simulation step ---
BasicSimulationEngine: Providing observation to agent 'q_agent_1': {'agent_position': (0, 3), 'grid_view': [[0, 0, 0, 0, 0], [0, 1, 1, 0, 0], [0, 1, 0, 0, 0], [0, 0, 0, 1, 0], [0, 0, 0, 0, 0]]}
BasicSimulationEngine: Agent 'q_agent_1' performs action: N
BasicSimulationEngine: Env step for agent 'q_agent_1': Action: N, Reward: -0.1, Done: False
BasicSimulationEngine: New observation for agent 'q_agent_1': {'agent_position': (0, 2), 'grid_view': [[0, 0, 0, 0, 0], [0, 1, 1, 0, 0], [0, 1, 0, 0, 0], [0, 0, 0, 1, 0], [0, 0, 0, 0, 0]]}
BasicSimulationEngine: --- Simulation step finished ---
--- Step 30/50 ---

BasicSimulationEngine: --- Starting new simulation step ---
BasicSimulationEngine: Providing observation to agent 'q_agent_1': {'agent_position': (0, 2), 'grid_view': [[0, 0, 0, 0, 0], [0, 1, 1, 0, 0], [0, 1, 0, 0, 0], [0, 0, 0, 1, 0], [0, 0, 0, 0, 0]]}
BasicSimulationEngine: Agent 'q_agent_1' performs action: W
BasicSimulationEngine: Env step for agent 'q_agent_1': Action: W, Reward: -1.0, Done: False
BasicSimulationEngine: New observation for agent 'q_agent_1': {'agent_position': (0, 2), 'grid_view': [[0, 0, 0, 0, 0], [0, 1, 1, 0, 0], [0, 1, 0, 0, 0], [0, 0, 0, 1, 0], [0, 0, 0, 0, 0]]}
BasicSimulationEngine: --- Simulation step finished ---
--- Step 31/50 ---

BasicSimulationEngine: --- Starting new simulation step ---
BasicSimulationEngine: Providing observation to agent 'q_agent_1': {'agent_position': (0, 2), 'grid_view': [[0, 0, 0, 0, 0], [0, 1, 1, 0, 0], [0, 1, 0, 0, 0], [0, 0, 0, 1, 0], [0, 0, 0, 0, 0]]}
BasicSimulationEngine: Agent 'q_agent_1' performs action: E
BasicSimulationEngine: Env step for agent 'q_agent_1': Action: E, Reward: -1.0, Done: False
BasicSimulationEngine: New observation for agent 'q_agent_1': {'agent_position': (0, 2), 'grid_view': [[0, 0, 0, 0, 0], [0, 1, 1, 0, 0], [0, 1, 0, 0, 0], [0, 0, 0, 1, 0], [0, 0, 0, 0, 0]]}
BasicSimulationEngine: --- Simulation step finished ---
--- Step 32/50 ---

BasicSimulationEngine: --- Starting new simulation step ---
BasicSimulationEngine: Providing observation to agent 'q_agent_1': {'agent_position': (0, 2), 'grid_view': [[0, 0, 0, 0, 0], [0, 1, 1, 0, 0], [0, 1, 0, 0, 0], [0, 0, 0, 1, 0], [0, 0, 0, 0, 0]]}
BasicSimulationEngine: Agent 'q_agent_1' performs action: S
BasicSimulationEngine: Env step for agent 'q_agent_1': Action: S, Reward: -0.1, Done: False
BasicSimulationEngine: New observation for agent 'q_agent_1': {'agent_position': (0, 3), 'grid_view': [[0, 0, 0, 0, 0], [0, 1, 1, 0, 0], [0, 1, 0, 0, 0], [0, 0, 0, 1, 0], [0, 0, 0, 0, 0]]}
BasicSimulationEngine: --- Simulation step finished ---
--- Step 33/50 ---

BasicSimulationEngine: --- Starting new simulation step ---
BasicSimulationEngine: Providing observation to agent 'q_agent_1': {'agent_position': (0, 3), 'grid_view': [[0, 0, 0, 0, 0], [0, 1, 1, 0, 0], [0, 1, 0, 0, 0], [0, 0, 0, 1, 0], [0, 0, 0, 0, 0]]}
BasicSimulationEngine: Agent 'q_agent_1' performs action: Stay
BasicSimulationEngine: Env step for agent 'q_agent_1': Action: Stay, Reward: -0.05, Done: False
BasicSimulationEngine: New observation for agent 'q_agent_1': {'agent_position': (0, 3), 'grid_view': [[0, 0, 0, 0, 0], [0, 1, 1, 0, 0], [0, 1, 0, 0, 0], [0, 0, 0, 1, 0], [0, 0, 0, 0, 0]]}
BasicSimulationEngine: --- Simulation step finished ---
--- Step 34/50 ---

BasicSimulationEngine: --- Starting new simulation step ---
BasicSimulationEngine: Providing observation to agent 'q_agent_1': {'agent_position': (0, 3), 'grid_view': [[0, 0, 0, 0, 0], [0, 1, 1, 0, 0], [0, 1, 0, 0, 0], [0, 0, 0, 1, 0], [0, 0, 0, 0, 0]]}
BasicSimulationEngine: Agent 'q_agent_1' performs action: Stay
BasicSimulationEngine: Env step for agent 'q_agent_1': Action: Stay, Reward: -0.05, Done: False
BasicSimulationEngine: New observation for agent 'q_agent_1': {'agent_position': (0, 3), 'grid_view': [[0, 0, 0, 0, 0], [0, 1, 1, 0, 0], [0, 1, 0, 0, 0], [0, 0, 0, 1, 0], [0, 0, 0, 0, 0]]}
BasicSimulationEngine: --- Simulation step finished ---
--- Step 35/50 ---

BasicSimulationEngine: --- Starting new simulation step ---
BasicSimulationEngine: Providing observation to agent 'q_agent_1': {'agent_position': (0, 3), 'grid_view': [[0, 0, 0, 0, 0], [0, 1, 1, 0, 0], [0, 1, 0, 0, 0], [0, 0, 0, 1, 0], [0, 0, 0, 0, 0]]}
BasicSimulationEngine: Agent 'q_agent_1' performs action: E
BasicSimulationEngine: Env step for agent 'q_agent_1': Action: E, Reward: -0.1, Done: False
BasicSimulationEngine: New observation for agent 'q_agent_1': {'agent_position': (1, 3), 'grid_view': [[0, 0, 0, 0, 0], [0, 1, 1, 0, 0], [0, 1, 0, 0, 0], [0, 0, 0, 1, 0], [0, 0, 0, 0, 0]]}
BasicSimulationEngine: --- Simulation step finished ---
--- Step 36/50 ---

BasicSimulationEngine: --- Starting new simulation step ---
/app/PiaAGI_Hub/PiaSE/utils/visualizer.py:52: UserWarning: set_ticklabels() should only be used with a fixed number of ticks, i.e. after set_ticks() or using a FixedLocator.
  self.ax.set_xticklabels(np.arange(0, self.env.width))
/app/PiaAGI_Hub/PiaSE/utils/visualizer.py:53: UserWarning: set_ticklabels() should only be used with a fixed number of ticks, i.e. after set_ticks() or using a FixedLocator.
  self.ax.set_yticklabels(np.arange(0, self.env.height))
/app/PiaAGI_Hub/PiaSE/utils/visualizer.py:52: UserWarning: set_ticklabels() should only be used with a fixed number of ticks, i.e. after set_ticks() or using a FixedLocator.
  self.ax.set_xticklabels(np.arange(0, self.env.width))
/app/PiaAGI_Hub/PiaSE/utils/visualizer.py:53: UserWarning: set_ticklabels() should only be used with a fixed number of ticks, i.e. after set_ticks() or using a FixedLocator.
  self.ax.set_yticklabels(np.arange(0, self.env.height))
/app/PiaAGI_Hub/PiaSE/utils/visualizer.py:52: UserWarning: set_ticklabels() should only be used with a fixed number of ticks, i.e. after set_ticks() or using a FixedLocator.
  self.ax.set_xticklabels(np.arange(0, self.env.width))
/app/PiaAGI_Hub/PiaSE/utils/visualizer.py:53: UserWarning: set_ticklabels() should only be used with a fixed number of ticks, i.e. after set_ticks() or using a FixedLocator.
  self.ax.set_yticklabels(np.arange(0, self.env.height))
/app/PiaAGI_Hub/PiaSE/utils/visualizer.py:52: UserWarning: set_ticklabels() should only be used with a fixed number of ticks, i.e. after set_ticks() or using a FixedLocator.
  self.ax.set_xticklabels(np.arange(0, self.env.width))
/app/PiaAGI_Hub/PiaSE/utils/visualizer.py:53: UserWarning: set_ticklabels() should only be used with a fixed number of ticks, i.e. after set_ticks() or using a FixedLocator.
  self.ax.set_yticklabels(np.arange(0, self.env.height))
/app/PiaAGI_Hub/PiaSE/utils/visualizer.py:52: UserWarning: set_ticklabels() should only be used with a fixed number of ticks, i.e. after set_ticks() or using a FixedLocator.
  self.ax.set_xticklabels(np.arange(0, self.env.width))
/app/PiaAGI_Hub/PiaSE/utils/visualizer.py:53: UserWarning: set_ticklabels() should only be used with a fixed number of ticks, i.e. after set_ticks() or using a FixedLocator.
  self.ax.set_yticklabels(np.arange(0, self.env.height))
/app/PiaAGI_Hub/PiaSE/utils/visualizer.py:52: UserWarning: set_ticklabels() should only be used with a fixed number of ticks, i.e. after set_ticks() or using a FixedLocator.
  self.ax.set_xticklabels(np.arange(0, self.env.width))
/app/PiaAGI_Hub/PiaSE/utils/visualizer.py:53: UserWarning: set_ticklabels() should only be used with a fixed number of ticks, i.e. after set_ticks() or using a FixedLocator.
  self.ax.set_yticklabels(np.arange(0, self.env.height))
/app/PiaAGI_Hub/PiaSE/utils/visualizer.py:52: UserWarning: set_ticklabels() should only be used with a fixed number of ticks, i.e. after set_ticks() or using a FixedLocator.
  self.ax.set_xticklabels(np.arange(0, self.env.width))
/app/PiaAGI_Hub/PiaSE/utils/visualizer.py:53: UserWarning: set_ticklabels() should only be used with a fixed number of ticks, i.e. after set_ticks() or using a FixedLocator.
  self.ax.set_yticklabels(np.arange(0, self.env.height))
/app/PiaAGI_Hub/PiaSE/utils/visualizer.py:52: UserWarning: set_ticklabels() should only be used with a fixed number of ticks, i.e. after set_ticks() or using a FixedLocator.
  self.ax.set_xticklabels(np.arange(0, self.env.width))
/app/PiaAGI_Hub/PiaSE/utils/visualizer.py:53: UserWarning: set_ticklabels() should only be used with a fixed number of ticks, i.e. after set_ticks() or using a FixedLocator.
  self.ax.set_yticklabels(np.arange(0, self.env.height))
/app/PiaAGI_Hub/PiaSE/utils/visualizer.py:52: UserWarning: set_ticklabels() should only be used with a fixed number of ticks, i.e. after set_ticks() or using a FixedLocator.
  self.ax.set_xticklabels(np.arange(0, self.env.width))
/app/PiaAGI_Hub/PiaSE/utils/visualizer.py:53: UserWarning: set_ticklabels() should only be used with a fixed number of ticks, i.e. after set_ticks() or using a FixedLocator.
  self.ax.set_yticklabels(np.arange(0, self.env.height))
/app/PiaAGI_Hub/PiaSE/utils/visualizer.py:52: UserWarning: set_ticklabels() should only be used with a fixed number of ticks, i.e. after set_ticks() or using a FixedLocator.
  self.ax.set_xticklabels(np.arange(0, self.env.width))
/app/PiaAGI_Hub/PiaSE/utils/visualizer.py:53: UserWarning: set_ticklabels() should only be used with a fixed number of ticks, i.e. after set_ticks() or using a FixedLocator.
  self.ax.set_yticklabels(np.arange(0, self.env.height))
/app/PiaAGI_Hub/PiaSE/utils/visualizer.py:52: UserWarning: set_ticklabels() should only be used with a fixed number of ticks, i.e. after set_ticks() or using a FixedLocator.
  self.ax.set_xticklabels(np.arange(0, self.env.width))
/app/PiaAGI_Hub/PiaSE/utils/visualizer.py:53: UserWarning: set_ticklabels() should only be used with a fixed number of ticks, i.e. after set_ticks() or using a FixedLocator.
  self.ax.set_yticklabels(np.arange(0, self.env.height))
/app/PiaAGI_Hub/PiaSE/utils/visualizer.py:52: UserWarning: set_ticklabels() should only be used with a fixed number of ticks, i.e. after set_ticks() or using a FixedLocator.
  self.ax.set_xticklabels(np.arange(0, self.env.width))
/app/PiaAGI_Hub/PiaSE/utils/visualizer.py:53: UserWarning: set_ticklabels() should only be used with a fixed number of ticks, i.e. after set_ticks() or using a FixedLocator.
  self.ax.set_yticklabels(np.arange(0, self.env.height))
BasicSimulationEngine: Providing observation to agent 'q_agent_1': {'agent_position': (1, 3), 'grid_view': [[0, 0, 0, 0, 0], [0, 1, 1, 0, 0], [0, 1, 0, 0, 0], [0, 0, 0, 1, 0], [0, 0, 0, 0, 0]]}
BasicSimulationEngine: Agent 'q_agent_1' performs action: S
BasicSimulationEngine: Env step for agent 'q_agent_1': Action: S, Reward: -0.1, Done: False
BasicSimulationEngine: New observation for agent 'q_agent_1': {'agent_position': (1, 4), 'grid_view': [[0, 0, 0, 0, 0], [0, 1, 1, 0, 0], [0, 1, 0, 0, 0], [0, 0, 0, 1, 0], [0, 0, 0, 0, 0]]}
BasicSimulationEngine: --- Simulation step finished ---
--- Step 37/50 ---

BasicSimulationEngine: --- Starting new simulation step ---
BasicSimulationEngine: Providing observation to agent 'q_agent_1': {'agent_position': (1, 4), 'grid_view': [[0, 0, 0, 0, 0], [0, 1, 1, 0, 0], [0, 1, 0, 0, 0], [0, 0, 0, 1, 0], [0, 0, 0, 0, 0]]}
BasicSimulationEngine: Agent 'q_agent_1' performs action: N
BasicSimulationEngine: Env step for agent 'q_agent_1': Action: N, Reward: -0.1, Done: False
BasicSimulationEngine: New observation for agent 'q_agent_1': {'agent_position': (1, 3), 'grid_view': [[0, 0, 0, 0, 0], [0, 1, 1, 0, 0], [0, 1, 0, 0, 0], [0, 0, 0, 1, 0], [0, 0, 0, 0, 0]]}
BasicSimulationEngine: --- Simulation step finished ---
--- Step 38/50 ---

BasicSimulationEngine: --- Starting new simulation step ---
BasicSimulationEngine: Providing observation to agent 'q_agent_1': {'agent_position': (1, 3), 'grid_view': [[0, 0, 0, 0, 0], [0, 1, 1, 0, 0], [0, 1, 0, 0, 0], [0, 0, 0, 1, 0], [0, 0, 0, 0, 0]]}
BasicSimulationEngine: Agent 'q_agent_1' performs action: E
BasicSimulationEngine: Env step for agent 'q_agent_1': Action: E, Reward: -0.1, Done: False
BasicSimulationEngine: New observation for agent 'q_agent_1': {'agent_position': (2, 3), 'grid_view': [[0, 0, 0, 0, 0], [0, 1, 1, 0, 0], [0, 1, 0, 0, 0], [0, 0, 0, 1, 0], [0, 0, 0, 0, 0]]}
BasicSimulationEngine: --- Simulation step finished ---
--- Step 39/50 ---

BasicSimulationEngine: --- Starting new simulation step ---
BasicSimulationEngine: Providing observation to agent 'q_agent_1': {'agent_position': (2, 3), 'grid_view': [[0, 0, 0, 0, 0], [0, 1, 1, 0, 0], [0, 1, 0, 0, 0], [0, 0, 0, 1, 0], [0, 0, 0, 0, 0]]}
BasicSimulationEngine: Agent 'q_agent_1' performs action: E
BasicSimulationEngine: Env step for agent 'q_agent_1': Action: E, Reward: -1.0, Done: False
BasicSimulationEngine: New observation for agent 'q_agent_1': {'agent_position': (2, 3), 'grid_view': [[0, 0, 0, 0, 0], [0, 1, 1, 0, 0], [0, 1, 0, 0, 0], [0, 0, 0, 1, 0], [0, 0, 0, 0, 0]]}
BasicSimulationEngine: --- Simulation step finished ---
--- Step 40/50 ---

BasicSimulationEngine: --- Starting new simulation step ---
BasicSimulationEngine: Providing observation to agent 'q_agent_1': {'agent_position': (2, 3), 'grid_view': [[0, 0, 0, 0, 0], [0, 1, 1, 0, 0], [0, 1, 0, 0, 0], [0, 0, 0, 1, 0], [0, 0, 0, 0, 0]]}
BasicSimulationEngine: Agent 'q_agent_1' performs action: W
BasicSimulationEngine: Env step for agent 'q_agent_1': Action: W, Reward: -0.1, Done: False
BasicSimulationEngine: New observation for agent 'q_agent_1': {'agent_position': (1, 3), 'grid_view': [[0, 0, 0, 0, 0], [0, 1, 1, 0, 0], [0, 1, 0, 0, 0], [0, 0, 0, 1, 0], [0, 0, 0, 0, 0]]}
BasicSimulationEngine: --- Simulation step finished ---
--- Step 41/50 ---

BasicSimulationEngine: --- Starting new simulation step ---
BasicSimulationEngine: Providing observation to agent 'q_agent_1': {'agent_position': (1, 3), 'grid_view': [[0, 0, 0, 0, 0], [0, 1, 1, 0, 0], [0, 1, 0, 0, 0], [0, 0, 0, 1, 0], [0, 0, 0, 0, 0]]}
BasicSimulationEngine: Agent 'q_agent_1' performs action: Stay
BasicSimulationEngine: Env step for agent 'q_agent_1': Action: Stay, Reward: -0.05, Done: False
BasicSimulationEngine: New observation for agent 'q_agent_1': {'agent_position': (1, 3), 'grid_view': [[0, 0, 0, 0, 0], [0, 1, 1, 0, 0], [0, 1, 0, 0, 0], [0, 0, 0, 1, 0], [0, 0, 0, 0, 0]]}
BasicSimulationEngine: --- Simulation step finished ---
--- Step 42/50 ---

BasicSimulationEngine: --- Starting new simulation step ---
BasicSimulationEngine: Providing observation to agent 'q_agent_1': {'agent_position': (1, 3), 'grid_view': [[0, 0, 0, 0, 0], [0, 1, 1, 0, 0], [0, 1, 0, 0, 0], [0, 0, 0, 1, 0], [0, 0, 0, 0, 0]]}
BasicSimulationEngine: Agent 'q_agent_1' performs action: Stay
BasicSimulationEngine: Env step for agent 'q_agent_1': Action: Stay, Reward: -0.05, Done: False
BasicSimulationEngine: New observation for agent 'q_agent_1': {'agent_position': (1, 3), 'grid_view': [[0, 0, 0, 0, 0], [0, 1, 1, 0, 0], [0, 1, 0, 0, 0], [0, 0, 0, 1, 0], [0, 0, 0, 0, 0]]}
BasicSimulationEngine: --- Simulation step finished ---
--- Step 43/50 ---

BasicSimulationEngine: --- Starting new simulation step ---
BasicSimulationEngine: Providing observation to agent 'q_agent_1': {'agent_position': (1, 3), 'grid_view': [[0, 0, 0, 0, 0], [0, 1, 1, 0, 0], [0, 1, 0, 0, 0], [0, 0, 0, 1, 0], [0, 0, 0, 0, 0]]}
BasicSimulationEngine: Agent 'q_agent_1' performs action: W
BasicSimulationEngine: Env step for agent 'q_agent_1': Action: W, Reward: -0.1, Done: False
BasicSimulationEngine: New observation for agent 'q_agent_1': {'agent_position': (0, 3), 'grid_view': [[0, 0, 0, 0, 0], [0, 1, 1, 0, 0], [0, 1, 0, 0, 0], [0, 0, 0, 1, 0], [0, 0, 0, 0, 0]]}
BasicSimulationEngine: --- Simulation step finished ---
--- Step 44/50 ---

BasicSimulationEngine: --- Starting new simulation step ---
BasicSimulationEngine: Providing observation to agent 'q_agent_1': {'agent_position': (0, 3), 'grid_view': [[0, 0, 0, 0, 0], [0, 1, 1, 0, 0], [0, 1, 0, 0, 0], [0, 0, 0, 1, 0], [0, 0, 0, 0, 0]]}
BasicSimulationEngine: Agent 'q_agent_1' performs action: N
BasicSimulationEngine: Env step for agent 'q_agent_1': Action: N, Reward: -0.1, Done: False
BasicSimulationEngine: New observation for agent 'q_agent_1': {'agent_position': (0, 2), 'grid_view': [[0, 0, 0, 0, 0], [0, 1, 1, 0, 0], [0, 1, 0, 0, 0], [0, 0, 0, 1, 0], [0, 0, 0, 0, 0]]}
BasicSimulationEngine: --- Simulation step finished ---
--- Step 45/50 ---

BasicSimulationEngine: --- Starting new simulation step ---
BasicSimulationEngine: Providing observation to agent 'q_agent_1': {'agent_position': (0, 2), 'grid_view': [[0, 0, 0, 0, 0], [0, 1, 1, 0, 0], [0, 1, 0, 0, 0], [0, 0, 0, 1, 0], [0, 0, 0, 0, 0]]}
BasicSimulationEngine: Agent 'q_agent_1' performs action: W
BasicSimulationEngine: Env step for agent 'q_agent_1': Action: W, Reward: -1.0, Done: False
BasicSimulationEngine: New observation for agent 'q_agent_1': {'agent_position': (0, 2), 'grid_view': [[0, 0, 0, 0, 0], [0, 1, 1, 0, 0], [0, 1, 0, 0, 0], [0, 0, 0, 1, 0], [0, 0, 0, 0, 0]]}
BasicSimulationEngine: --- Simulation step finished ---
--- Step 46/50 ---

BasicSimulationEngine: --- Starting new simulation step ---
BasicSimulationEngine: Providing observation to agent 'q_agent_1': {'agent_position': (0, 2), 'grid_view': [[0, 0, 0, 0, 0], [0, 1, 1, 0, 0], [0, 1, 0, 0, 0], [0, 0, 0, 1, 0], [0, 0, 0, 0, 0]]}
BasicSimulationEngine: Agent 'q_agent_1' performs action: N
BasicSimulationEngine: Env step for agent 'q_agent_1': Action: N, Reward: -0.1, Done: False
BasicSimulationEngine: New observation for agent 'q_agent_1': {'agent_position': (0, 1), 'grid_view': [[0, 0, 0, 0, 0], [0, 1, 1, 0, 0], [0, 1, 0, 0, 0], [0, 0, 0, 1, 0], [0, 0, 0, 0, 0]]}
BasicSimulationEngine: --- Simulation step finished ---
--- Step 47/50 ---

BasicSimulationEngine: --- Starting new simulation step ---
BasicSimulationEngine: Providing observation to agent 'q_agent_1': {'agent_position': (0, 1), 'grid_view': [[0, 0, 0, 0, 0], [0, 1, 1, 0, 0], [0, 1, 0, 0, 0], [0, 0, 0, 1, 0], [0, 0, 0, 0, 0]]}
BasicSimulationEngine: Agent 'q_agent_1' performs action: W
BasicSimulationEngine: Env step for agent 'q_agent_1': Action: W, Reward: -1.0, Done: False
BasicSimulationEngine: New observation for agent 'q_agent_1': {'agent_position': (0, 1), 'grid_view': [[0, 0, 0, 0, 0], [0, 1, 1, 0, 0], [0, 1, 0, 0, 0], [0, 0, 0, 1, 0], [0, 0, 0, 0, 0]]}
BasicSimulationEngine: --- Simulation step finished ---
--- Step 48/50 ---

BasicSimulationEngine: --- Starting new simulation step ---
/app/PiaAGI_Hub/PiaSE/utils/visualizer.py:52: UserWarning: set_ticklabels() should only be used with a fixed number of ticks, i.e. after set_ticks() or using a FixedLocator.
  self.ax.set_xticklabels(np.arange(0, self.env.width))
/app/PiaAGI_Hub/PiaSE/utils/visualizer.py:53: UserWarning: set_ticklabels() should only be used with a fixed number of ticks, i.e. after set_ticks() or using a FixedLocator.
  self.ax.set_yticklabels(np.arange(0, self.env.height))
/app/PiaAGI_Hub/PiaSE/utils/visualizer.py:52: UserWarning: set_ticklabels() should only be used with a fixed number of ticks, i.e. after set_ticks() or using a FixedLocator.
  self.ax.set_xticklabels(np.arange(0, self.env.width))
/app/PiaAGI_Hub/PiaSE/utils/visualizer.py:53: UserWarning: set_ticklabels() should only be used with a fixed number of ticks, i.e. after set_ticks() or using a FixedLocator.
  self.ax.set_yticklabels(np.arange(0, self.env.height))
/app/PiaAGI_Hub/PiaSE/utils/visualizer.py:52: UserWarning: set_ticklabels() should only be used with a fixed number of ticks, i.e. after set_ticks() or using a FixedLocator.
  self.ax.set_xticklabels(np.arange(0, self.env.width))
/app/PiaAGI_Hub/PiaSE/utils/visualizer.py:53: UserWarning: set_ticklabels() should only be used with a fixed number of ticks, i.e. after set_ticks() or using a FixedLocator.
  self.ax.set_yticklabels(np.arange(0, self.env.height))
127.0.0.1 - - [30/May/2025 18:18:27] "POST /run_scenario HTTP/1.1" 200 -
